d:\edu\security\assignemnts\assignemnt_01\assignemnt_01\debug\assignemnt_01.pch
d:\edu\security\assignemnts\assignemnt_01\assignemnt_01\debug\vc141.pdb
d:\edu\security\assignemnts\assignemnt_01\assignemnt_01\debug\vc141.idb
d:\edu\security\assignemnts\assignemnt_01\assignemnt_01\debug\stdafx.obj
d:\edu\security\assignemnts\assignemnt_01\assignemnt_01\debug\assignemnt_01.obj
d:\edu\security\assignemnts\assignemnt_01\debug\assignemnt_01.exe
d:\edu\security\assignemnts\assignemnt_01\debug\assignemnt_01.ilk
d:\edu\security\assignemnts\assignemnt_01\debug\assignemnt_01.pdb
d:\edu\security\assignemnts\assignment_01_f\assignemnt_01\assignemnt_01\debug\assignemnt_01.obj
d:\edu\security\assignemnts\assignment_01_f\assignemnt_01\assignemnt_01\debug\stdafx.obj
d:\edu\security\assignemnts\assignment_01_f\assignemnt_01\assignemnt_01\debug\assignemnt_01.pch
d:\edu\security\assignemnts\assignment_01_f\assignemnt_01\assignemnt_01\debug\vc141.idb
d:\edu\security\assignemnts\assignment_01_f\assignemnt_01\assignemnt_01\debug\vc141.pdb
d:\edu\security\assignemnts\assignment_01_f\assignemnt_01\debug\assignemnt_01.pdb
d:\edu\security\assignemnts\assignment_01_f\assignemnt_01\debug\assignemnt_01.exe
d:\edu\security\assignemnts\assignment_01_f\assignemnt_01\debug\assignemnt_01.ilk
d:\edu\security\assignemnts\assignment_01_f\assignemnt_01\assignemnt_01\debug\assignemnt_01.tlog\cl.command.1.tlog
d:\edu\security\assignemnts\assignment_01_f\assignemnt_01\assignemnt_01\debug\assignemnt_01.tlog\cl.read.1.tlog
d:\edu\security\assignemnts\assignment_01_f\assignemnt_01\assignemnt_01\debug\assignemnt_01.tlog\cl.write.1.tlog
d:\edu\security\assignemnts\assignment_01_f\assignemnt_01\assignemnt_01\debug\assignemnt_01.tlog\link.command.1.tlog
d:\edu\security\assignemnts\assignment_01_f\assignemnt_01\assignemnt_01\debug\assignemnt_01.tlog\link.read.1.tlog
d:\edu\security\assignemnts\assignment_01_f\assignemnt_01\assignemnt_01\debug\assignemnt_01.tlog\link.write.1.tlog
